Connecting to database specified by database.yml
Connecting to database specified by database.yml
Connecting to database specified by database.yml
Connecting to database specified by database.yml
  [1m[36m (0.6ms)[0m  [1mselect sqlite_version(*)[0m
  [1m[35m (1.2ms)[0m  CREATE TABLE "schema_migrations" ("version" varchar(255) NOT NULL) 
  [1m[36m (1.0ms)[0m  [1mCREATE UNIQUE INDEX "unique_schema_migrations" ON "schema_migrations" ("version")[0m
  [1m[35m (0.1ms)[0m  SELECT "schema_migrations"."version" FROM "schema_migrations" 
Migrating to CreatePosts (20131014141859)
  [1m[36m (0.0ms)[0m  [1mbegin transaction[0m
  [1m[35m (0.4ms)[0m  CREATE TABLE "posts" ("id" INTEGER PRIMARY KEY AUTOINCREMENT NOT NULL, "title" varchar(255), "content" text, "created_at" datetime NOT NULL, "updated_at" datetime NOT NULL) 
  [1m[36m (0.1ms)[0m  [1mINSERT INTO "schema_migrations" ("version") VALUES ('20131014141859')[0m
  [1m[35m (1.1ms)[0m  commit transaction
  [1m[36m (0.1ms)[0m  [1mSELECT "schema_migrations"."version" FROM "schema_migrations" [0m
Connecting to database specified by database.yml
Connecting to database specified by database.yml
Connecting to database specified by database.yml


Started GET "/assets/rails.png" for 127.0.0.1 at 2013-10-14 15:35:32 +0100
Connecting to database specified by database.yml
Served asset /rails.png - 304 Not Modified (9ms)


Started GET "/posts" for 127.0.0.1 at 2013-10-14 15:36:29 +0100
Processing by PostsController#index as HTML
  [1m[36mPost Load (0.5ms)[0m  [1mSELECT "posts".* FROM "posts" [0m
  Rendered posts/index.html.erb within layouts/application (3.2ms)
Compiled posts.css  (9ms)  (pid 28088)
Compiled scaffolds.css  (27ms)  (pid 28088)
Compiled application.css  (59ms)  (pid 28088)
Compiled jquery.js  (19ms)  (pid 28088)
Compiled jquery_ujs.js  (0ms)  (pid 28088)
Compiled posts.js  (312ms)  (pid 28088)
Compiled application.js  (425ms)  (pid 28088)
Completed 200 OK in 680ms (Views: 619.7ms | ActiveRecord: 3.0ms)


Started GET "/assets/posts.css?body=1" for 127.0.0.1 at 2013-10-14 15:36:29 +0100
Served asset /posts.css - 304 Not Modified (15ms)


Started GET "/assets/jquery_ujs.js?body=1" for 127.0.0.1 at 2013-10-14 15:36:29 +0100
Served asset /jquery_ujs.js - 304 Not Modified (4ms)


Started GET "/assets/jquery.js?body=1" for 127.0.0.1 at 2013-10-14 15:36:29 +0100
Served asset /jquery.js - 304 Not Modified (5ms)


Started GET "/assets/application.css?body=1" for 127.0.0.1 at 2013-10-14 15:36:29 +0100
Served asset /application.css - 304 Not Modified (17ms)


Started GET "/assets/scaffolds.css?body=1" for 127.0.0.1 at 2013-10-14 15:36:29 +0100
Served asset /scaffolds.css - 304 Not Modified (2ms)


Started GET "/assets/application.js?body=1" for 127.0.0.1 at 2013-10-14 15:36:29 +0100
Served asset /application.js - 304 Not Modified (10ms)


Started GET "/assets/posts.js?body=1" for 127.0.0.1 at 2013-10-14 15:36:30 +0100
Served asset /posts.js - 304 Not Modified (3ms)


Started GET "/posts/new" for 127.0.0.1 at 2013-10-14 16:16:50 +0100
Processing by PostsController#new as HTML
  Rendered posts/_form.html.erb (15.3ms)
  Rendered posts/new.html.erb within layouts/application (19.6ms)
Completed 500 Internal Server Error in 28ms

ActionView::Template::Error (undefined method `dob' for #<Post:0x007f8385663158>):
    14: <% end %>
    15: 
    16: 
    17: <%= datetime_select("post", "dob") %>
  app/views/posts/_form.html.erb:17:in `_app_views_posts__form_html_erb___4581998655314441298_70101408776660'
  app/views/posts/new.html.erb:3:in `_app_views_posts_new_html_erb___966617127992876072_70101416956900'
  app/controllers/posts_controller.rb:29:in `new'


  Rendered /Users/ralphreid/.rbenv/versions/2.0.0-p247/lib/ruby/gems/2.0.0/gems/actionpack-3.2.14/lib/action_dispatch/middleware/templates/rescues/_trace.erb (1.5ms)
  Rendered /Users/ralphreid/.rbenv/versions/2.0.0-p247/lib/ruby/gems/2.0.0/gems/actionpack-3.2.14/lib/action_dispatch/middleware/templates/rescues/_request_and_response.erb (1.1ms)
  Rendered /Users/ralphreid/.rbenv/versions/2.0.0-p247/lib/ruby/gems/2.0.0/gems/actionpack-3.2.14/lib/action_dispatch/middleware/templates/rescues/template_error.erb within rescues/layout (11.6ms)


Started GET "/posts/new" for 127.0.0.1 at 2013-10-14 16:19:28 +0100
Processing by PostsController#new as HTML
  Rendered posts/_form.html.erb (4.4ms)
  Rendered posts/new.html.erb within layouts/application (5.3ms)
Completed 500 Internal Server Error in 10ms

ActionView::Template::Error (undefined method `dob' for #<Post:0x007f83842591f8>):
    14: <% end %>
    15: 
    16: 
    17: <%= datetime_select("post", "dob") %>
    18: 
    19: <%= pluralize(0 , "student") %>
  app/views/posts/_form.html.erb:17:in `_app_views_posts__form_html_erb___4581998655314441298_70101428524980'
  app/views/posts/new.html.erb:3:in `_app_views_posts_new_html_erb___966617127992876072_70101416956900'
  app/controllers/posts_controller.rb:29:in `new'


  Rendered /Users/ralphreid/.rbenv/versions/2.0.0-p247/lib/ruby/gems/2.0.0/gems/actionpack-3.2.14/lib/action_dispatch/middleware/templates/rescues/_trace.erb (1.6ms)
  Rendered /Users/ralphreid/.rbenv/versions/2.0.0-p247/lib/ruby/gems/2.0.0/gems/actionpack-3.2.14/lib/action_dispatch/middleware/templates/rescues/_request_and_response.erb (21.6ms)
  Rendered /Users/ralphreid/.rbenv/versions/2.0.0-p247/lib/ruby/gems/2.0.0/gems/actionpack-3.2.14/lib/action_dispatch/middleware/templates/rescues/template_error.erb within rescues/layout (32.3ms)


Started GET "/posts/new" for 127.0.0.1 at 2013-10-14 16:19:31 +0100
Processing by PostsController#new as HTML
  Rendered posts/_form.html.erb (2.9ms)
  Rendered posts/new.html.erb within layouts/application (3.7ms)
Completed 500 Internal Server Error in 6ms

ActionView::Template::Error (undefined method `dob' for #<Post:0x007f83842ad898>):
    14: <% end %>
    15: 
    16: 
    17: <%= datetime_select("post", "dob") %>
    18: 
    19: <%= pluralize(0 , "student") %>
  app/views/posts/_form.html.erb:17:in `_app_views_posts__form_html_erb___4581998655314441298_70101428524980'
  app/views/posts/new.html.erb:3:in `_app_views_posts_new_html_erb___966617127992876072_70101416956900'
  app/controllers/posts_controller.rb:29:in `new'


  Rendered /Users/ralphreid/.rbenv/versions/2.0.0-p247/lib/ruby/gems/2.0.0/gems/actionpack-3.2.14/lib/action_dispatch/middleware/templates/rescues/_trace.erb (1.7ms)
  Rendered /Users/ralphreid/.rbenv/versions/2.0.0-p247/lib/ruby/gems/2.0.0/gems/actionpack-3.2.14/lib/action_dispatch/middleware/templates/rescues/_request_and_response.erb (1.9ms)
  Rendered /Users/ralphreid/.rbenv/versions/2.0.0-p247/lib/ruby/gems/2.0.0/gems/actionpack-3.2.14/lib/action_dispatch/middleware/templates/rescues/template_error.erb within rescues/layout (12.5ms)


Started GET "/posts/new" for 127.0.0.1 at 2013-10-14 16:19:56 +0100
Processing by PostsController#new as HTML
  Rendered posts/_form.html.erb (17.6ms)
  Rendered posts/new.html.erb within layouts/application (19.4ms)
Completed 200 OK in 29ms (Views: 28.2ms | ActiveRecord: 0.0ms)


Started GET "/assets/application.css?body=1" for 127.0.0.1 at 2013-10-14 16:19:56 +0100
Served asset /application.css - 304 Not Modified (0ms)


Started GET "/assets/posts.css?body=1" for 127.0.0.1 at 2013-10-14 16:19:56 +0100
Served asset /posts.css - 304 Not Modified (0ms)


Started GET "/assets/jquery.js?body=1" for 127.0.0.1 at 2013-10-14 16:19:56 +0100
Served asset /jquery.js - 304 Not Modified (1ms)


Started GET "/assets/jquery_ujs.js?body=1" for 127.0.0.1 at 2013-10-14 16:19:56 +0100
Served asset /jquery_ujs.js - 304 Not Modified (0ms)


Started GET "/assets/scaffolds.css?body=1" for 127.0.0.1 at 2013-10-14 16:19:56 +0100
Served asset /scaffolds.css - 304 Not Modified (0ms)


Started GET "/assets/posts.js?body=1" for 127.0.0.1 at 2013-10-14 16:19:56 +0100
Served asset /posts.js - 304 Not Modified (0ms)


Started GET "/assets/application.js?body=1" for 127.0.0.1 at 2013-10-14 16:19:56 +0100
Served asset /application.js - 304 Not Modified (0ms)
Connecting to database specified by database.yml
